{"timestamp":"2026-06-13T21:08:09.468290Z","level":"info","event":"::group::Pre Execute","logger":"task","filename":"task_runner.py","lineno":1926}
{"timestamp":"2026-06-13T21:08:09.485833Z","level":"info","event":"DAG bundles loaded: dags-folder","task_id":"transformar_previsao_pandas","map_index":-1,"ti_id":"019ec2d0-39cc-7ca6-ae6f-377fb91da112","run_id":"manual__2026-06-13T21:08:06.716432+00:00","try_number":1,"dag_id":"etl_clima_videira","logger":"airflow.dag_processing.bundles.manager.DagBundlesManager","filename":"manager.py","lineno":209}
{"timestamp":"2026-06-13T21:08:09.486941Z","level":"info","event":"Filling up the DagBag from /opt/airflow/dags/weather_etl_dag.py","task_id":"transformar_previsao_pandas","map_index":-1,"ti_id":"019ec2d0-39cc-7ca6-ae6f-377fb91da112","run_id":"manual__2026-06-13T21:08:06.716432+00:00","try_number":1,"dag_id":"etl_clima_videira","logger":"airflow.dag_processing.dagbag.BundleDagBag","filename":"dagbag.py","lineno":469}
{"timestamp":"2026-06-13T21:08:09.901168Z","level":"warning","event":"The `airflow.operators.python.PythonOperator` attribute is deprecated. Please use `'airflow.providers.standard.operators.python.PythonOperator'`.","category":"UserWarning","filename":"/opt/airflow/dags/weather_etl_dag.py","lineno":2,"task_id":"transformar_previsao_pandas","map_index":-1,"ti_id":"019ec2d0-39cc-7ca6-ae6f-377fb91da112","run_id":"manual__2026-06-13T21:08:06.716432+00:00","try_number":1,"dag_id":"etl_clima_videira","logger":"py.warnings"}
{"timestamp":"2026-06-13T21:08:09.901603Z","level":"warning","event":"The `airflow.hooks.base.BaseHook` attribute is deprecated. Please use `'airflow.sdk.bases.hook.BaseHook'`.","category":"UserWarning","filename":"/opt/airflow/dags/scripts/extract_minio.py","lineno":6,"task_id":"transformar_previsao_pandas","map_index":-1,"ti_id":"019ec2d0-39cc-7ca6-ae6f-377fb91da112","run_id":"manual__2026-06-13T21:08:06.716432+00:00","try_number":1,"dag_id":"etl_clima_videira","logger":"py.warnings"}
{"timestamp":"2026-06-13T21:08:09.901819Z","level":"warning","event":"The `airflow.hooks.base.BaseHook` attribute is deprecated. Please use `'airflow.sdk.bases.hook.BaseHook'`.","category":"UserWarning","filename":"/opt/airflow/dags/scripts/transform_pandas.py","lineno":4,"task_id":"transformar_previsao_pandas","map_index":-1,"ti_id":"019ec2d0-39cc-7ca6-ae6f-377fb91da112","run_id":"manual__2026-06-13T21:08:06.716432+00:00","try_number":1,"dag_id":"etl_clima_videira","logger":"py.warnings"}
{"timestamp":"2026-06-13T21:08:09.919243Z","level":"info","event":"::endgroup::","task_id":"transformar_previsao_pandas","map_index":-1,"ti_id":"019ec2d0-39cc-7ca6-ae6f-377fb91da112","run_id":"manual__2026-06-13T21:08:06.716432+00:00","try_number":1,"dag_id":"etl_clima_videira","logger":"task","filename":"task_runner.py","lineno":1727}
{"timestamp":"2026-06-13T21:08:09.920974Z","level":"info","event":"Iniciando transformação da Previsão...","logger":"task.stdout"}
{"timestamp":"2026-06-13T21:08:09.934580Z","level":"info","event":"Tabela de Previsão Limpa (40 linhas esperadas):","logger":"task.stdout"}
{"timestamp":"2026-06-13T21:08:09.955462Z","level":"info","event":"     cidade        data_previsao  ...  vento_ms       descricao","logger":"task.stdout"}
{"timestamp":"2026-06-13T21:08:09.955581Z","level":"info","event":"0  Videira  2026-06-14 00:00:00  ...      0.77       céu limpo","logger":"task.stdout"}
{"timestamp":"2026-06-13T21:08:09.955625Z","level":"info","event":"1  Videira  2026-06-14 03:00:00  ...      0.76  algumas nuvens","logger":"task.stdout"}
{"timestamp":"2026-06-13T21:08:09.955665Z","level":"info","event":"2  Videira  2026-06-14 06:00:00  ...      0.72       céu limpo","logger":"task.stdout"}
{"timestamp":"2026-06-13T21:08:09.955701Z","level":"info","event":"3  Videira  2026-06-14 09:00:00  ...      0.37       céu limpo","logger":"task.stdout"}
{"timestamp":"2026-06-13T21:08:09.955736Z","level":"info","event":"4  Videira  2026-06-14 12:00:00  ...      0.15       céu limpo","logger":"task.stdout"}
{"timestamp":"2026-06-13T21:08:09.955771Z","level":"info","event":"","logger":"task.stdout"}
{"timestamp":"2026-06-13T21:08:09.955901Z","level":"info","event":"[5 rows x 8 columns]","logger":"task.stdout"}
{"timestamp":"2026-06-13T21:08:09.961331Z","level":"info","event":"✅ Arquivo temporário salvo em: /tmp/previsao_limpa.csv","logger":"task.stdout"}
{"timestamp":"2026-06-13T21:08:09.961596Z","level":"info","event":"Done. Returned value was: None","task_id":"transformar_previsao_pandas","map_index":-1,"ti_id":"019ec2d0-39cc-7ca6-ae6f-377fb91da112","run_id":"manual__2026-06-13T21:08:06.716432+00:00","try_number":1,"dag_id":"etl_clima_videira","logger":"airflow.task.operators.airflow.providers.standard.operators.python.PythonOperator","filename":"python.py","lineno":233}
{"timestamp":"2026-06-13T21:08:09.961878Z","level":"info","event":"::group::Post Execute","task_id":"transformar_previsao_pandas","map_index":-1,"ti_id":"019ec2d0-39cc-7ca6-ae6f-377fb91da112","run_id":"manual__2026-06-13T21:08:06.716432+00:00","try_number":1,"dag_id":"etl_clima_videira","logger":"task","filename":"task_runner.py","lineno":1288}
{"timestamp":"2026-06-13T21:08:09.977270Z","level":"info","event":"::endgroup::","task_id":"transformar_previsao_pandas","map_index":-1,"ti_id":"019ec2d0-39cc-7ca6-ae6f-377fb91da112","run_id":"manual__2026-06-13T21:08:06.716432+00:00","try_number":1,"dag_id":"etl_clima_videira","logger":"task","filename":"task_runner.py","lineno":1896}
