{"timestamp":"2026-06-13T21:25:19.140622Z","level":"info","event":"::group::Pre Execute","logger":"task","filename":"task_runner.py","lineno":1926}
{"timestamp":"2026-06-13T21:25:19.162903Z","level":"info","event":"DAG bundles loaded: dags-folder","dag_id":"etl_clima_videira","map_index":-1,"ti_id":"019ec2df-f310-7650-aada-e64a55c7794b","run_id":"manual__2026-06-13T21:25:17.185469+00:00","task_id":"transformar_previsao_pandas","try_number":1,"logger":"airflow.dag_processing.bundles.manager.DagBundlesManager","filename":"manager.py","lineno":209}
{"timestamp":"2026-06-13T21:25:19.164618Z","level":"info","event":"Filling up the DagBag from /opt/airflow/dags/weather_etl_dag.py","dag_id":"etl_clima_videira","map_index":-1,"ti_id":"019ec2df-f310-7650-aada-e64a55c7794b","run_id":"manual__2026-06-13T21:25:17.185469+00:00","task_id":"transformar_previsao_pandas","try_number":1,"logger":"airflow.dag_processing.dagbag.BundleDagBag","filename":"dagbag.py","lineno":469}
{"timestamp":"2026-06-13T21:25:19.548286Z","level":"warning","event":"The `airflow.operators.python.PythonOperator` attribute is deprecated. Please use `'airflow.providers.standard.operators.python.PythonOperator'`.","category":"UserWarning","filename":"/opt/airflow/dags/weather_etl_dag.py","lineno":2,"dag_id":"etl_clima_videira","map_index":-1,"ti_id":"019ec2df-f310-7650-aada-e64a55c7794b","run_id":"manual__2026-06-13T21:25:17.185469+00:00","task_id":"transformar_previsao_pandas","try_number":1,"logger":"py.warnings"}
{"timestamp":"2026-06-13T21:25:19.548454Z","level":"warning","event":"The `airflow.hooks.base.BaseHook` attribute is deprecated. Please use `'airflow.sdk.bases.hook.BaseHook'`.","category":"UserWarning","filename":"/opt/airflow/dags/scripts/extract_minio.py","lineno":6,"dag_id":"etl_clima_videira","map_index":-1,"ti_id":"019ec2df-f310-7650-aada-e64a55c7794b","run_id":"manual__2026-06-13T21:25:17.185469+00:00","task_id":"transformar_previsao_pandas","try_number":1,"logger":"py.warnings"}
{"timestamp":"2026-06-13T21:25:19.548579Z","level":"warning","event":"The `airflow.hooks.base.BaseHook` attribute is deprecated. Please use `'airflow.sdk.bases.hook.BaseHook'`.","category":"UserWarning","filename":"/opt/airflow/dags/scripts/transform_pandas.py","lineno":4,"dag_id":"etl_clima_videira","map_index":-1,"ti_id":"019ec2df-f310-7650-aada-e64a55c7794b","run_id":"manual__2026-06-13T21:25:17.185469+00:00","task_id":"transformar_previsao_pandas","try_number":1,"logger":"py.warnings"}
{"timestamp":"2026-06-13T21:25:19.572280Z","level":"info","event":"::endgroup::","dag_id":"etl_clima_videira","map_index":-1,"ti_id":"019ec2df-f310-7650-aada-e64a55c7794b","run_id":"manual__2026-06-13T21:25:17.185469+00:00","task_id":"transformar_previsao_pandas","try_number":1,"logger":"task","filename":"task_runner.py","lineno":1727}
{"timestamp":"2026-06-13T21:25:19.574962Z","level":"info","event":"Iniciando transformação da Previsão...","logger":"task.stdout"}
{"timestamp":"2026-06-13T21:25:19.582415Z","level":"info","event":"Tabela de Previsão Limpa (40 linhas esperadas):","logger":"task.stdout"}
{"timestamp":"2026-06-13T21:25:19.589698Z","level":"info","event":"     cidade        data_previsao  ...  vento_kmh       descricao","logger":"task.stdout"}
{"timestamp":"2026-06-13T21:25:19.589793Z","level":"info","event":"0  Videira  2026-06-14 00:00:00  ...       2.77       céu limpo","logger":"task.stdout"}
{"timestamp":"2026-06-13T21:25:19.589839Z","level":"info","event":"1  Videira  2026-06-14 03:00:00  ...       2.74  algumas nuvens","logger":"task.stdout"}
{"timestamp":"2026-06-13T21:25:19.589879Z","level":"info","event":"2  Videira  2026-06-14 06:00:00  ...       2.59       céu limpo","logger":"task.stdout"}
{"timestamp":"2026-06-13T21:25:19.589918Z","level":"info","event":"3  Videira  2026-06-14 09:00:00  ...       1.33       céu limpo","logger":"task.stdout"}
{"timestamp":"2026-06-13T21:25:19.589962Z","level":"info","event":"4  Videira  2026-06-14 12:00:00  ...       0.54       céu limpo","logger":"task.stdout"}
{"timestamp":"2026-06-13T21:25:19.590018Z","level":"info","event":"","logger":"task.stdout"}
{"timestamp":"2026-06-13T21:25:19.590159Z","level":"info","event":"[5 rows x 8 columns]","logger":"task.stdout"}
{"timestamp":"2026-06-13T21:25:19.591953Z","level":"info","event":"✅ Arquivo temporário salvo em: /tmp/previsao_limpa.csv","logger":"task.stdout"}
{"timestamp":"2026-06-13T21:25:19.592232Z","level":"info","event":"Done. Returned value was: None","dag_id":"etl_clima_videira","map_index":-1,"ti_id":"019ec2df-f310-7650-aada-e64a55c7794b","run_id":"manual__2026-06-13T21:25:17.185469+00:00","task_id":"transformar_previsao_pandas","try_number":1,"logger":"airflow.task.operators.airflow.providers.standard.operators.python.PythonOperator","filename":"python.py","lineno":233}
{"timestamp":"2026-06-13T21:25:19.592481Z","level":"info","event":"::group::Post Execute","dag_id":"etl_clima_videira","map_index":-1,"ti_id":"019ec2df-f310-7650-aada-e64a55c7794b","run_id":"manual__2026-06-13T21:25:17.185469+00:00","task_id":"transformar_previsao_pandas","try_number":1,"logger":"task","filename":"task_runner.py","lineno":1288}
{"timestamp":"2026-06-13T21:25:19.607644Z","level":"info","event":"::endgroup::","dag_id":"etl_clima_videira","map_index":-1,"ti_id":"019ec2df-f310-7650-aada-e64a55c7794b","run_id":"manual__2026-06-13T21:25:17.185469+00:00","task_id":"transformar_previsao_pandas","try_number":1,"logger":"task","filename":"task_runner.py","lineno":1896}
